Unable to capture context for thread 1224 in process 10024, can not generate back trace
Unable to capture context for thread 12112 in process 10024, can not generate back trace
Unable to capture context for thread 8148 in process 10024, can not generate back trace
Unable to capture context for thread 5940 in process 10024, can not generate back trace
Unable to capture context for thread 15912 in process 10024, can not generate back trace
Exception at PC 0x00007FFA0EA97788
Unable to capture context for thread 8148 in process 10024, can not generate back trace
Unable to capture context for thread 5940 in process 10024, can not generate back trace
Exception at PC 0x00007FF99FFABB93
Printing stacktrace...

Exception at PC 0x00007FFA0EA97788
Exception at PC 0x00007FFA0EA97788
Exception at PC 0x00007FFA0EA97788
Exception at PC 0x00007FFA0EA97788
Exception at PC 0x00007FFA0EA97788
Exception at PC 0x00007FFA0EA97788
Exception at PC 0x00007FFA0EA97788
Exception at PC 0x00007FFA0EA97788
Exception at PC 0x00007FFA0EA97788
Exception at PC 0x00007FFA0EA97788
Exception at PC 0x00007FFA0EA97788
Exception at PC 0x00007FFA0EA97788
Exception at PC 0x00007FFA0EA97788
[0]  [0x00007FF99FFABB93]
[1]  [0x00007FF99FFABB93]
[2]  [0x00007FF99FFAB4A1]
[3]  [0x00007FF99FFAB3EF]
[4]  [0x00007FF99FF919FE]
[5]  [0x00007FF99FF90ED1]
[6]  [0x00007FF99FF90D76]
[7]  [0x00007FF99FF379F6]
[8]  [0x00007FF99FF27AFB]
[9]  [0x00007FF9A004E90A]
[10]  [0x00007FF9A0069F87]
[11]  [0x00007FF9A006A05F]
[12] (BaseThreadInitThunk+0x14) [0x00007FFA10668364]
[13] (RtlUserThreadStart+0x21) [0x00007FFA125F70D1]
Done
Exception at PC 0x00007FFA0EA97788
Exception at PC 0x00007FFA0EA97788
Exception at PC 0x00007FFA0EA97788
Exception at PC 0x00007FFA0EA97788
